<?xml version="1.0" encoding="UTF-8"?><testsuite failures="1" name="cucumber.runtime.formatter.JUnitFormatter" skipped="0" tests="3" time="18.057265">
<testcase classname="A description" name="Men's Hat" time="6.313865">
<system-out><![CDATA[Given User is alreedy in home page..........................................passed
When get text from Men's hat................................................passed
Then Assert Text from Men's Hat.............................................passed
]]></system-out>
</testcase>
<testcase classname="A description" name="Men's Beany" time="5.660916">
<system-out><![CDATA[Given User is alreedy in home page..........................................passed
When get text from Men's Hat................................................passed
Then Assert Text from Men's Beany...........................................passed
]]></system-out>
</testcase>
<testcase classname="A description" name="Scarf" time="6.082484">
<failure message="java.lang.AssertionError: expected [Surf, Skate &amp; Street Hats &amp; Cap] but found [Surf, Skate &amp; Street Hats &amp; Caps]&#10;&#9;at org.testng.Assert.fail(Assert.java:96)&#10;&#9;at org.testng.Assert.failNotEquals(Assert.java:776)&#10;&#9;at org.testng.Assert.assertEqualsImpl(Assert.java:137)&#10;&#9;at org.testng.Assert.assertEquals(Assert.java:118)&#10;&#9;at org.testng.Assert.assertEquals(Assert.java:453)&#10;&#9;at org.testng.Assert.assertEquals(Assert.java:463)&#10;&#9;at stepDefinitions.AmazonCapPageSteps.assert_Text_From_Scarf(AmazonCapPageSteps.java:62)&#10;&#9;at ✽.Then Assert Text From Scarf(AmazonCapPage.feature:20)&#10;"><![CDATA[Given User is alreedy in home page..........................................passed
When ge text from Scarf.....................................................passed
Then Assert Text From Scarf.................................................failed

StackTrace:
java.lang.AssertionError: expected [Surf, Skate & Street Hats & Cap] but found [Surf, Skate & Street Hats & Caps]
	at org.testng.Assert.fail(Assert.java:96)
	at org.testng.Assert.failNotEquals(Assert.java:776)
	at org.testng.Assert.assertEqualsImpl(Assert.java:137)
	at org.testng.Assert.assertEquals(Assert.java:118)
	at org.testng.Assert.assertEquals(Assert.java:453)
	at org.testng.Assert.assertEquals(Assert.java:463)
	at stepDefinitions.AmazonCapPageSteps.assert_Text_From_Scarf(AmazonCapPageSteps.java:62)
	at ✽.Then Assert Text From Scarf(AmazonCapPage.feature:20)
]]></failure>
</testcase>
</testsuite>
